1581268154.289718 client started (25870): version 2.9a, socket /tmp//tmux-501/default, protocol 8
1581268154.289778 on Darwin 19.3.0 Darwin Kernel Version 19.3.0: Thu Jan  9 20:58:23 PST 2020; root:xnu-6153.81.5~1/RELEASE_X86_64; libevent 2.1.11-stable (select)
1581268154.289827 socket is /tmp//tmux-501/default
1581268154.289850 trying connect
1581268154.289943 add peer 0x1038fa000: 6 (0x0)
1581268154.291160 sending message 100 to peer 0x1038fa000 (4 bytes)
1581268154.291183 sending message 101 to peer 0x1038fa000 (16 bytes)
1581268154.291192 sending message 102 to peer 0x1038fa000 (13 bytes)
1581268154.291201 sending message 108 to peer 0x1038fa000 (20 bytes)
1581268154.291218 sending message 104 to peer 0x1038fa000 (0 bytes)
1581268154.291227 sending message 107 to peer 0x1038fa000 (4 bytes)
1581268154.291235 sending message 105 to peer 0x1038fa000 (11 bytes)
1581268154.291243 sending message 105 to peer 0x1038fa000 (45 bytes)
1581268154.291251 sending message 105 to peer 0x1038fa000 (88 bytes)
1581268154.291259 sending message 105 to peer 0x1038fa000 (20 bytes)
1581268154.291266 sending message 105 to peer 0x1038fa000 (17 bytes)
1581268154.291274 sending message 105 to peer 0x1038fa000 (19 bytes)
1581268154.291282 sending message 105 to peer 0x1038fa000 (16 bytes)
1581268154.291289 sending message 105 to peer 0x1038fa000 (54 bytes)
1581268154.291297 sending message 105 to peer 0x1038fa000 (38 bytes)
1581268154.291305 sending message 105 to peer 0x1038fa000 (41 bytes)
1581268154.291313 sending message 105 to peer 0x1038fa000 (219 bytes)
1581268154.291321 sending message 105 to peer 0x1038fa000 (28 bytes)
1581268154.291329 sending message 105 to peer 0x1038fa000 (24 bytes)
1581268154.291336 sending message 105 to peer 0x1038fa000 (24 bytes)
1581268154.291344 sending message 105 to peer 0x1038fa000 (26 bytes)
1581268154.291352 sending message 105 to peer 0x1038fa000 (8 bytes)
1581268154.291359 sending message 105 to peer 0x1038fa000 (66 bytes)
1581268154.291367 sending message 105 to peer 0x1038fa000 (21 bytes)
1581268154.291375 sending message 105 to peer 0x1038fa000 (28 bytes)
1581268154.291383 sending message 105 to peer 0x1038fa000 (25 bytes)
1581268154.291390 sending message 105 to peer 0x1038fa000 (53 bytes)
1581268154.291398 sending message 105 to peer 0x1038fa000 (57 bytes)
1581268154.291406 sending message 105 to peer 0x1038fa000 (35 bytes)
1581268154.291414 sending message 105 to peer 0x1038fa000 (14 bytes)
1581268154.291421 sending message 105 to peer 0x1038fa000 (13 bytes)
1581268154.291429 sending message 105 to peer 0x1038fa000 (14 bytes)
1581268154.291478 sending message 105 to peer 0x1038fa000 (19 bytes)
1581268154.291494 sending message 105 to peer 0x1038fa000 (37 bytes)
1581268154.291505 sending message 105 to peer 0x1038fa000 (18 bytes)
1581268154.291514 sending message 105 to peer 0x1038fa000 (29 bytes)
1581268154.291523 sending message 105 to peer 0x1038fa000 (26 bytes)
1581268154.291530 sending message 105 to peer 0x1038fa000 (27 bytes)
1581268154.291538 sending message 105 to peer 0x1038fa000 (26 bytes)
1581268154.291546 sending message 106 to peer 0x1038fa000 (0 bytes)
1581268154.291558 sending message 200 to peer 0x1038fa000 (4 bytes)
1581268154.291569 client loop enter
1581268154.299161 peer 0x1038fa000 message 211
1581268154.299195 client_write: sessions should be nested with care, unset $TMUX to force\n
1581268154.299222 peer 0x1038fa000 message 203
1581268154.299234 client loop exit
